<?xml version="1.0" encoding="UTF-8"?>
<!-- Generated by org.testng.reporters.JUnitXMLReporter -->
<testsuite ignored="3" hostname="LAPTOP-5J2ANKQN" failures="0" tests="1" name="Default test" time="5.168" errors="0" timestamp="2021-08-23T17:55:53 IST">
  <testcase classname="postCall.PostCallValidations" name="test_post" time="5.071"/>
  <testcase classname="postCall.PostCallValidations" name="test_patch" time="0.0">
    <ignored/>
  </testcase> <!-- test_patch -->
  <testcase classname="postCall.PostCallValidations" name="test_delete" time="0.0">
    <ignored/>
  </testcase> <!-- test_delete -->
  <testcase classname="postCall.PostCallValidations" name="test_put" time="0.0">
    <ignored/>
  </testcase> <!-- test_put -->
</testsuite> <!-- Default test -->
