<?xml version="1.0" encoding="UTF-8"?>
<testng-results ignored="3" total="4" passed="1" failed="0" skipped="0">
  <reporter-output>
  </reporter-output>
  <suite started-at="2021-08-23T17:55:48 IST" name="Default suite" finished-at="2021-08-23T17:55:53 IST" duration-ms="5168">
    <groups>
    </groups>
    <test started-at="2021-08-23T17:55:48 IST" name="Default test" finished-at="2021-08-23T17:55:53 IST" duration-ms="5168">
      <class name="postCall.PostCallValidations">
        <test-method signature="test_post()[pri:0, instance:postCall.PostCallValidations@6d2a209c]" started-at="2021-08-23T17:55:48 IST" name="test_post" finished-at="2021-08-23T17:55:53 IST" duration-ms="5071" status="PASS">
          <reporter-output>
          </reporter-output>
        </test-method> <!-- test_post -->
      </class> <!-- postCall.PostCallValidations -->
    </test> <!-- Default test -->
  </suite> <!-- Default suite -->
</testng-results>
